\BOOKMARK [0][-]{chapter*.1}{}{}% 1
\BOOKMARK [0][-]{chapter*.2}{}{}% 2
\BOOKMARK [0][-]{chapter*.4}{Abstract}{}% 3
\BOOKMARK [0][-]{section*.5}{Contents}{}% 4
\BOOKMARK [0][-]{chapter*.6}{List of Tables}{}% 5
\BOOKMARK [0][-]{chapter*.7}{List of Figures}{}% 6
\BOOKMARK [0][-]{chapter.1}{Tube Proposal Network}{}% 7
\BOOKMARK [1][-]{section.1.1}{ \040 \040\265 \265}{chapter.1}% 8
\BOOKMARK [1][-]{section.1.2}{ \040TPN}{chapter.1}% 9
\BOOKMARK [1][-]{section.1.3}{\265 \040 TPN}{chapter.1}% 10
\BOOKMARK [2][-]{subsection.1.3.1}{ \265 \040\265}{section.1.3}% 11
\BOOKMARK [2][-]{subsection.1.3.2}{greekenglish3D ResNet greekgreek}{section.1.3}% 12
\BOOKMARK [1][-]{section.1.4}{ \040anchors \0406-dim \265}{chapter.1}% 13
\BOOKMARK [2][-]{subsection.1.4.1}{ }{section.1.4}% 14
\BOOKMARK [2][-]{subsection.1.4.2}{Training}{section.1.4}% 15
\BOOKMARK [2][-]{subsection.1.4.3}{Validation}{section.1.4}% 16
\BOOKMARK [2][-]{subsection.1.4.4}{Modified Intersection over Union\(mIoU\) \040}{section.1.4}% 17
\BOOKMARK [2][-]{subsection.1.4.5}{ \040 TPN score}{section.1.4}% 18
\BOOKMARK [2][-]{subsection.1.4.6}{ Regressor}{section.1.4}% 19
\BOOKMARK [1][-]{section.1.5}{ \040anchors \0404k \265}{chapter.1}% 20
\BOOKMARK [2][-]{subsection.1.5.1}{Training}{section.1.5}% 21
\BOOKMARK [2][-]{subsection.1.5.2}{ Regressor}{section.1.5}% 22
\BOOKMARK [2][-]{subsection.1.5.3}{ \040 \040\265}{section.1.5}% 23
\BOOKMARK [0][-]{chapter.2}{Introduction}{}% 24
\BOOKMARK [1][-]{section.2.1}{Problem statement}{chapter.2}% 25
\BOOKMARK [2][-]{subsection.2.1.1}{Human Action Recognition}{section.2.1}% 26
\BOOKMARK [2][-]{subsection.2.1.2}{Human Action Localization}{section.2.1}% 27
\BOOKMARK [1][-]{section.2.2}{Applications}{chapter.2}% 28
\BOOKMARK [1][-]{section.2.3}{Challenges and Datasets}{chapter.2}% 29
\BOOKMARK [2][-]{subsection.2.3.1}{JHMDB Dataset}{section.2.3}% 30
\BOOKMARK [2][-]{subsection.2.3.2}{UCF-101 Dataset}{section.2.3}% 31
\BOOKMARK [1][-]{section.2.4}{Motivation ans Contibutions}{chapter.2}% 32
\BOOKMARK [1][-]{section.2.5}{Thesis structure}{chapter.2}% 33
\BOOKMARK [0][-]{chapter.3}{Background}{}% 34
\BOOKMARK [1][-]{section.3.1}{Machine Learning}{chapter.3}% 35
\BOOKMARK [2][-]{subsection.3.1.1}{Introduction}{section.3.1}% 36
\BOOKMARK [2][-]{subsection.3.1.2}{Neural Networks}{section.3.1}% 37
\BOOKMARK [2][-]{subsection.3.1.3}{A single Neuron}{section.3.1}% 38
\BOOKMARK [2][-]{subsection.3.1.4}{2D Convolutional Neural Network}{section.3.1}% 39
\BOOKMARK [2][-]{subsection.3.1.5}{3D Convolutional Neural Network}{section.3.1}% 40
\BOOKMARK [1][-]{section.3.2}{Object Detection}{chapter.3}% 41
\BOOKMARK [2][-]{subsection.3.2.1}{ Region Proposal Network}{section.3.2}% 42
\BOOKMARK [2][-]{subsection.3.2.2}{Roi Align}{section.3.2}% 43
\BOOKMARK [2][-]{subsection.3.2.3}{Non-maximum suppression \(NMS\) algorithm}{section.3.2}% 44
\BOOKMARK [1][-]{section.3.3}{Losses and Metrics}{chapter.3}% 45
\BOOKMARK [2][-]{subsection.3.3.1}{Losses}{section.3.3}% 46
\BOOKMARK [2][-]{subsection.3.3.2}{Metrics}{section.3.3}% 47
\BOOKMARK [1][-]{section.3.4}{Related work}{chapter.3}% 48
\BOOKMARK [2][-]{subsection.3.4.1}{Action Recognition}{section.3.4}% 49
\BOOKMARK [2][-]{subsection.3.4.2}{Action Localization}{section.3.4}% 50
\BOOKMARK [0][-]{chapter.4}{Tube Proposal Network}{}% 51
\BOOKMARK [1][-]{section.4.1}{ Our implementation's architecture}{chapter.4}% 52
\BOOKMARK [1][-]{section.4.2}{Introduction to TPN}{chapter.4}% 53
\BOOKMARK [1][-]{section.4.3}{Preparation before TPN}{chapter.4}% 54
\BOOKMARK [2][-]{subsection.4.3.1}{Preparing data}{section.4.3}% 55
\BOOKMARK [2][-]{subsection.4.3.2}{3D ResNet}{section.4.3}% 56
\BOOKMARK [1][-]{section.4.4}{ 3D anchors as 6-dim vector}{chapter.4}% 57
\BOOKMARK [2][-]{subsection.4.4.1}{First Description}{section.4.4}% 58
\BOOKMARK [2][-]{subsection.4.4.2}{Training}{section.4.4}% 59
\BOOKMARK [2][-]{subsection.4.4.3}{Validation}{section.4.4}% 60
\BOOKMARK [2][-]{subsection.4.4.4}{Modified Intersection over Union\(mIoU\)}{section.4.4}% 61
\BOOKMARK [2][-]{subsection.4.4.5}{Improving TPN score}{section.4.4}% 62
\BOOKMARK [2][-]{subsection.4.4.6}{Adding regressor}{section.4.4}% 63
\BOOKMARK [2][-]{subsection.4.4.7}{Changing Regressor - from 3D to 2d}{section.4.4}% 64
\BOOKMARK [1][-]{section.4.5}{ 3D anchors as 4k-dim vector}{chapter.4}% 65
\BOOKMARK [2][-]{subsection.4.5.1}{Training}{section.4.5}% 66
\BOOKMARK [2][-]{subsection.4.5.2}{Adding regressor}{section.4.5}% 67
\BOOKMARK [2][-]{subsection.4.5.3}{From 3D to 2D}{section.4.5}% 68
\BOOKMARK [2][-]{subsection.4.5.4}{Changing sample duration}{section.4.5}% 69
\BOOKMARK [1][-]{section.4.6}{General comments}{chapter.4}% 70
\BOOKMARK [0][-]{chapter.5}{Connecting Tubes}{}% 71
\BOOKMARK [1][-]{section.5.1}{Introduction}{chapter.5}% 72
\BOOKMARK [1][-]{section.5.2}{First approach: combine overlap and actioness}{chapter.5}% 73
\BOOKMARK [2][-]{subsection.5.2.1}{JHMDB Dataset}{section.5.2}% 74
\BOOKMARK [2][-]{subsection.5.2.2}{UCF dataset}{section.5.2}% 75
\BOOKMARK [1][-]{section.5.3}{Second approach: use progression and progress rate}{chapter.5}% 76
\BOOKMARK [1][-]{section.5.4}{Third approach : use naive algorithm - only for JHMDB}{chapter.5}% 77
\BOOKMARK [1][-]{section.5.5}{General comments}{chapter.5}% 78
\BOOKMARK [0][-]{chapter.6}{Classification stage}{}% 79
\BOOKMARK [1][-]{section.6.1}{Description}{chapter.6}% 80
\BOOKMARK [1][-]{section.6.2}{Preparing data and first classification results}{chapter.6}% 81
\BOOKMARK [1][-]{section.6.3}{Support Vector Machine \(SVM\)}{chapter.6}% 82
\BOOKMARK [2][-]{subsection.6.3.1}{Modifying 3D Roi Align}{section.6.3}% 83
\BOOKMARK [2][-]{subsection.6.3.2}{Temporal pooling}{section.6.3}% 84
\BOOKMARK [1][-]{section.6.4}{Increasing sample duration to 16 frames}{chapter.6}% 85
\BOOKMARK [1][-]{section.6.5}{Adding more groundtruth tubes}{chapter.6}% 86
\BOOKMARK [2][-]{subsection.6.5.1}{Increasing again sample duration \(only for RNN and Linear\)}{section.6.5}% 87
\BOOKMARK [1][-]{section.6.6}{MultiLayer Perceptron \(MLP\)}{chapter.6}% 88
\BOOKMARK [2][-]{subsection.6.6.1}{Regular training}{section.6.6}% 89
\BOOKMARK [2][-]{subsection.6.6.2}{Extract features}{section.6.6}% 90
\BOOKMARK [1][-]{section.6.7}{Adding nms algorithm}{chapter.6}% 91
\BOOKMARK [1][-]{section.6.8}{Classifying dataset UCF}{chapter.6}% 92
\BOOKMARK [2][-]{subsection.6.8.1}{Using RNN, Linear and MLP classifiers}{section.6.8}% 93
\BOOKMARK [2][-]{subsection.6.8.2}{Only temporal classification}{section.6.8}% 94
\BOOKMARK [0][-]{chapter.7}{Conclusion - Future work}{}% 95
\BOOKMARK [1][-]{section.7.1}{Conclusion}{chapter.7}% 96
\BOOKMARK [1][-]{section.7.2}{Future work}{chapter.7}% 97
\BOOKMARK [0][-]{section*.122}{Bibliography}{}% 98
